[debug] [2020-08-29T15:08:03.886Z] ----------------------------------------------------------------------
[debug] [2020-08-29T15:08:03.887Z] Command:       /usr/bin/node /usr/local/bin/firebase emulators:start
[debug] [2020-08-29T15:08:03.887Z] CLI Version:   8.9.2
[debug] [2020-08-29T15:08:03.888Z] Platform:      linux
[debug] [2020-08-29T15:08:03.888Z] Node Version:  v10.19.0
[debug] [2020-08-29T15:08:03.888Z] Time:          Sat Aug 29 2020 10:08:03 GMT-0500 (Central Daylight Time)
[debug] [2020-08-29T15:08:03.888Z] ----------------------------------------------------------------------
[debug] [2020-08-29T15:08:03.888Z] 
[debug] [2020-08-29T15:08:03.894Z] > command requires scopes: ["email","openid","https://www.googleapis.com/auth/cloudplatformprojects.readonly","https://www.googleapis.com/auth/firebase","https://www.googleapis.com/auth/cloud-platform"]
[debug] [2020-08-29T15:08:03.894Z] > authorizing via signed-in user
[info] i  emulators: Starting emulators: functions, firestore, hosting {"metadata":{"emulator":{"name":"hub"},"message":"Starting emulators: functions, firestore, hosting"}}
[debug] [2020-08-29T15:08:03.909Z] [hub] writing locator at /tmp/hub-telemetry-tes.json
[warn] ⚠  functions: The following emulators are not running, calls to these services from the Functions emulator will affect production: database, pubsub {"metadata":{"emulator":{"name":"functions"},"message":"The following emulators are not running, calls to these services from the Functions emulator will affect production: \u001b[1mdatabase, pubsub\u001b[22m"}}
[info] ✔  functions: Using node@10 from host. {"metadata":{"emulator":{"name":"functions"},"message":"Using node@10 from host."}}
[debug] [2020-08-29T15:08:03.934Z] defaultcredentials: writing to file /home/drag/.config/firebase/ale_guereca_valdivia_hotmail_com_application_default_credentials.json
[debug] [2020-08-29T15:08:03.935Z] Setting GAC to /home/drag/.config/firebase/ale_guereca_valdivia_hotmail_com_application_default_credentials.json {"metadata":{"emulator":{"name":"functions"},"message":"Setting GAC to /home/drag/.config/firebase/ale_guereca_valdivia_hotmail_com_application_default_credentials.json"}}
[debug] [2020-08-29T15:08:03.974Z] Ignoring unsupported arg: projectId {"metadata":{"emulator":{"name":"firestore"},"message":"Ignoring unsupported arg: projectId"}}
[debug] [2020-08-29T15:08:03.974Z] Ignoring unsupported arg: auto_download {"metadata":{"emulator":{"name":"firestore"},"message":"Ignoring unsupported arg: auto_download"}}
[debug] [2020-08-29T15:08:03.974Z] Starting Firestore Emulator with command {"binary":"java","args":["-Duser.language=en","-jar","/home/drag/.cache/firebase/emulators/cloud-firestore-emulator-v1.11.7.jar","--host","localhost","--port",8080,"--rules","/home/drag/TelemetrySample/firestore.rules","--functions_emulator","localhost:5001"],"optionalArgs":["port","webchannel_port","host","rules","functions_emulator","seed_from_export"],"joinArgs":false} {"metadata":{"emulator":{"name":"firestore"},"message":"Starting Firestore Emulator with command {\"binary\":\"java\",\"args\":[\"-Duser.language=en\",\"-jar\",\"/home/drag/.cache/firebase/emulators/cloud-firestore-emulator-v1.11.7.jar\",\"--host\",\"localhost\",\"--port\",8080,\"--rules\",\"/home/drag/TelemetrySample/firestore.rules\",\"--functions_emulator\",\"localhost:5001\"],\"optionalArgs\":[\"port\",\"webchannel_port\",\"host\",\"rules\",\"functions_emulator\",\"seed_from_export\"],\"joinArgs\":false}"}}
[info] i  firestore: Firestore Emulator logging to firestore-debug.log {"metadata":{"emulator":{"name":"firestore"},"message":"Firestore Emulator logging to \u001b[1mfirestore-debug.log\u001b[22m"}}
[debug] [2020-08-29T15:08:04.607Z] API endpoint: http://localhost {"metadata":{"emulator":{"name":"firestore"},"message":"API endpoint: http://localhost"}}
[debug] [2020-08-29T15:08:04.607Z] :8080
If you are using a library that supports the FIRESTORE_EMULATOR_HOST environment variable, run:

   export FIRESTORE_EMULATOR_HOST=localhost:8080

Dev App Server is now running.

 {"metadata":{"emulator":{"name":"firestore"},"message":":8080\nIf you are using a library that supports the FIRESTORE_EMULATOR_HOST environment variable, run:\n\n   export FIRESTORE_EMULATOR_HOST=localhost:8080\n\nDev App Server is now running.\n\n"}}
[debug] [2020-08-29T15:08:04.739Z] >>> HTTP REQUEST GET https://firebase.googleapis.com/v1beta1/projects/telemetry-tes/webApps/-/config  
 
[debug] [2020-08-29T15:08:05.084Z] <<< HTTP RESPONSE 200 {"content-type":"application/json; charset=UTF-8","vary":"X-Origin, Referer, Origin,Accept-Encoding","date":"Sat, 29 Aug 2020 15:08:05 GMT","server":"ESF","cache-control":"private","x-xss-protection":"0","x-frame-options":"SAMEORIGIN","x-content-type-options":"nosniff","alt-svc":"h3-29=\":443\"; ma=2592000,h3-27=\":443\"; ma=2592000,h3-T051=\":443\"; ma=2592000,h3-T050=\":443\"; ma=2592000,h3-Q050=\":443\"; ma=2592000,h3-Q046=\":443\"; ma=2592000,h3-Q043=\":443\"; ma=2592000,quic=\":443\"; ma=2592000; v=\"46,43\"","accept-ranges":"none","transfer-encoding":"chunked"}
[info] i  hosting: Serving hosting files from: public {"metadata":{"emulator":{"name":"hosting"},"message":"Serving hosting files from: \u001b[1mpublic\u001b[22m"}}
[info] ✔  hosting: Local server: http://localhost:5000 {"metadata":{"emulator":{"name":"hosting"},"message":"Local server: \u001b[4m\u001b[1mhttp://localhost:5000\u001b[22m\u001b[24m"}}
[debug] [2020-08-29T15:08:05.117Z] Ignoring unsupported arg: auto_download {"metadata":{"emulator":{"name":"ui"},"message":"Ignoring unsupported arg: auto_download"}}
[debug] [2020-08-29T15:08:05.117Z] Ignoring unsupported arg: port {"metadata":{"emulator":{"name":"ui"},"message":"Ignoring unsupported arg: port"}}
[debug] [2020-08-29T15:08:05.117Z] Starting Emulator UI with command {"binary":"node","args":["/home/drag/.cache/firebase/emulators/ui-v1.1.1/server.bundle.js"],"optionalArgs":[],"joinArgs":false} {"metadata":{"emulator":{"name":"ui"},"message":"Starting Emulator UI with command {\"binary\":\"node\",\"args\":[\"/home/drag/.cache/firebase/emulators/ui-v1.1.1/server.bundle.js\"],\"optionalArgs\":[],\"joinArgs\":false}"}}
[info] i  ui: Emulator UI logging to ui-debug.log {"metadata":{"emulator":{"name":"ui"},"message":"Emulator UI logging to \u001b[1mui-debug.log\u001b[22m"}}
[debug] [2020-08-29T15:08:05.500Z] Web / API server started at http://localhost:4000
 {"metadata":{"emulator":{"name":"ui"},"message":"Web / API server started at http://localhost:4000\n"}}
[info] i  functions: Watching "/home/drag/TelemetrySample/functions" for Cloud Functions... {"metadata":{"emulator":{"name":"functions"},"message":"Watching \"/home/drag/TelemetrySample/functions\" for Cloud Functions..."}}
[debug] [2020-08-29T15:08:05.632Z] [worker-pool] addWorker(~diagnostic~) {"metadata":{"emulator":{"name":"functions"},"message":"[worker-pool] addWorker(~diagnostic~)"}}
[debug] [2020-08-29T15:08:05.632Z] [worker-pool] Adding worker with key ~diagnostic~, total=1 {"metadata":{"emulator":{"name":"functions"},"message":"[worker-pool] Adding worker with key ~diagnostic~, total=1"}}
[debug] [2020-08-29T15:08:05.632Z] [worker-pool] submitWork(triggerId=) {"metadata":{"emulator":{"name":"functions"},"message":"[worker-pool] submitWork(triggerId=)"}}
[debug] [2020-08-29T15:08:05.632Z] [worker-~diagnostic~-b106e0b2-c0b8-46c2-9d74-36da7121196b]: Assigning socketPath: /tmp/fire_emu_966.sock {"metadata":{"emulator":{"name":"functions"},"message":"[worker-~diagnostic~-b106e0b2-c0b8-46c2-9d74-36da7121196b]: Assigning socketPath: /tmp/fire_emu_966.sock"}}
[debug] [2020-08-29T15:08:05.633Z] [worker-~diagnostic~-b106e0b2-c0b8-46c2-9d74-36da7121196b]: BUSY {"metadata":{"emulator":{"name":"functions"},"message":"[worker-~diagnostic~-b106e0b2-c0b8-46c2-9d74-36da7121196b]: BUSY"}}
[debug] [2020-08-29T15:08:06.119Z] [runtime-status] [966] Functions runtime initialized. {"cwd":"/home/drag/TelemetrySample/functions","node_version":"10.19.0"} {"metadata":{"emulator":{"name":"functions"},"message":"[runtime-status] [966] Functions runtime initialized. {\"cwd\":\"/home/drag/TelemetrySample/functions\",\"node_version\":\"10.19.0\"}"}}
[debug] [2020-08-29T15:08:06.120Z] [runtime-status] [966] Disabled runtime features: undefined {"metadata":{"emulator":{"name":"functions"},"message":"[runtime-status] [966] Disabled runtime features: undefined"}}
[debug] [2020-08-29T15:08:06.121Z] [runtime-status] [966] Resolved module firebase-admin {"declared":true,"installed":true,"version":"8.13.0","resolution":"/home/drag/TelemetrySample/functions/node_modules/firebase-admin/lib/index.js"} {"metadata":{"emulator":{"name":"functions"},"message":"[runtime-status] [966] Resolved module firebase-admin {\"declared\":true,\"installed\":true,\"version\":\"8.13.0\",\"resolution\":\"/home/drag/TelemetrySample/functions/node_modules/firebase-admin/lib/index.js\"}"}}
[debug] [2020-08-29T15:08:06.122Z] [runtime-status] [966] Resolved module firebase-functions {"declared":true,"installed":true,"version":"3.11.0","resolution":"/home/drag/TelemetrySample/functions/node_modules/firebase-functions/lib/index.js"} {"metadata":{"emulator":{"name":"functions"},"message":"[runtime-status] [966] Resolved module firebase-functions {\"declared\":true,\"installed\":true,\"version\":\"3.11.0\",\"resolution\":\"/home/drag/TelemetrySample/functions/node_modules/firebase-functions/lib/index.js\"}"}}
[debug] [2020-08-29T15:08:06.122Z] [runtime-status] [966] Resolved module firebase-functions {"declared":true,"installed":true,"version":"3.11.0","resolution":"/home/drag/TelemetrySample/functions/node_modules/firebase-functions/lib/index.js"} {"metadata":{"emulator":{"name":"functions"},"message":"[runtime-status] [966] Resolved module firebase-functions {\"declared\":true,\"installed\":true,\"version\":\"3.11.0\",\"resolution\":\"/home/drag/TelemetrySample/functions/node_modules/firebase-functions/lib/index.js\"}"}}
[debug] [2020-08-29T15:08:06.126Z] [runtime-status] [966] Outgoing network have been stubbed. [{"name":"http","status":"mocked"},{"name":"http","status":"mocked"},{"name":"https","status":"mocked"},{"name":"https","status":"mocked"},{"name":"net","status":"mocked"}] {"metadata":{"emulator":{"name":"functions"},"message":"[runtime-status] [966] Outgoing network have been stubbed. [{\"name\":\"http\",\"status\":\"mocked\"},{\"name\":\"http\",\"status\":\"mocked\"},{\"name\":\"https\",\"status\":\"mocked\"},{\"name\":\"https\",\"status\":\"mocked\"},{\"name\":\"net\",\"status\":\"mocked\"}]"}}
[debug] [2020-08-29T15:08:06.126Z] [runtime-status] [966] Resolved module firebase-functions {"declared":true,"installed":true,"version":"3.11.0","resolution":"/home/drag/TelemetrySample/functions/node_modules/firebase-functions/lib/index.js"} {"metadata":{"emulator":{"name":"functions"},"message":"[runtime-status] [966] Resolved module firebase-functions {\"declared\":true,\"installed\":true,\"version\":\"3.11.0\",\"resolution\":\"/home/drag/TelemetrySample/functions/node_modules/firebase-functions/lib/index.js\"}"}}
[debug] [2020-08-29T15:08:06.155Z] [runtime-status] [966] Checked functions.config() {"config":{}} {"metadata":{"emulator":{"name":"functions"},"message":"[runtime-status] [966] Checked functions.config() {\"config\":{}}"}}
[debug] [2020-08-29T15:08:06.155Z] [runtime-status] [966] firebase-functions has been stubbed. {"functionsResolution":{"declared":true,"installed":true,"version":"3.11.0","resolution":"/home/drag/TelemetrySample/functions/node_modules/firebase-functions/lib/index.js"}} {"metadata":{"emulator":{"name":"functions"},"message":"[runtime-status] [966] firebase-functions has been stubbed. {\"functionsResolution\":{\"declared\":true,\"installed\":true,\"version\":\"3.11.0\",\"resolution\":\"/home/drag/TelemetrySample/functions/node_modules/firebase-functions/lib/index.js\"}}"}}
[debug] [2020-08-29T15:08:06.156Z] [runtime-status] [966] Resolved module firebase-functions {"declared":true,"installed":true,"version":"3.11.0","resolution":"/home/drag/TelemetrySample/functions/node_modules/firebase-functions/lib/index.js"} {"metadata":{"emulator":{"name":"functions"},"message":"[runtime-status] [966] Resolved module firebase-functions {\"declared\":true,\"installed\":true,\"version\":\"3.11.0\",\"resolution\":\"/home/drag/TelemetrySample/functions/node_modules/firebase-functions/lib/index.js\"}"}}
[debug] [2020-08-29T15:08:06.156Z] [runtime-status] [966] Resolved module firebase-admin {"declared":true,"installed":true,"version":"8.13.0","resolution":"/home/drag/TelemetrySample/functions/node_modules/firebase-admin/lib/index.js"} {"metadata":{"emulator":{"name":"functions"},"message":"[runtime-status] [966] Resolved module firebase-admin {\"declared\":true,\"installed\":true,\"version\":\"8.13.0\",\"resolution\":\"/home/drag/TelemetrySample/functions/node_modules/firebase-admin/lib/index.js\"}"}}
[debug] [2020-08-29T15:08:06.156Z] [runtime-status] [966] Resolved module firebase-functions {"declared":true,"installed":true,"version":"3.11.0","resolution":"/home/drag/TelemetrySample/functions/node_modules/firebase-functions/lib/index.js"} {"metadata":{"emulator":{"name":"functions"},"message":"[runtime-status] [966] Resolved module firebase-functions {\"declared\":true,\"installed\":true,\"version\":\"3.11.0\",\"resolution\":\"/home/drag/TelemetrySample/functions/node_modules/firebase-functions/lib/index.js\"}"}}
[debug] [2020-08-29T15:08:06.157Z] [runtime-status] [966] firebase-admin has been stubbed. {"adminResolution":{"declared":true,"installed":true,"version":"8.13.0","resolution":"/home/drag/TelemetrySample/functions/node_modules/firebase-admin/lib/index.js"}} {"metadata":{"emulator":{"name":"functions"},"message":"[runtime-status] [966] firebase-admin has been stubbed. {\"adminResolution\":{\"declared\":true,\"installed\":true,\"version\":\"8.13.0\",\"resolution\":\"/home/drag/TelemetrySample/functions/node_modules/firebase-admin/lib/index.js\"}}"}}
[debug] [2020-08-29T15:08:06.158Z] [runtime-status] [966] initializeApp(DEFAULT) {"databaseURL":"https://telemetry-tes.firebaseio.com","storageBucket":"telemetry-tes.appspot.com","projectId":"telemetry-tes"} {"metadata":{"emulator":{"name":"functions"},"message":"[runtime-status] [966] initializeApp(DEFAULT) {\"databaseURL\":\"https://telemetry-tes.firebaseio.com\",\"storageBucket\":\"telemetry-tes.appspot.com\",\"projectId\":\"telemetry-tes\"}"}}
[info] ✔  functions[getWinRateByClasses]: http function initialized (http://localhost:5001/telemetry-tes/us-central1/getWinRateByClasses). {"metadata":{"emulator":{"name":"functions"},"message":"\u001b[1mhttp\u001b[22m function initialized (http://localhost:5001/telemetry-tes/us-central1/getWinRateByClasses)."}}
[info] ✔  functions[damagePeformedByTime]: http function initialized (http://localhost:5001/telemetry-tes/us-central1/damagePeformedByTime). {"metadata":{"emulator":{"name":"functions"},"message":"\u001b[1mhttp\u001b[22m function initialized (http://localhost:5001/telemetry-tes/us-central1/damagePeformedByTime)."}}
[info] ✔  functions[mostUsedAbility]: http function initialized (http://localhost:5001/telemetry-tes/us-central1/mostUsedAbility). {"metadata":{"emulator":{"name":"functions"},"message":"\u001b[1mhttp\u001b[22m function initialized (http://localhost:5001/telemetry-tes/us-central1/mostUsedAbility)."}}
[info] 
┌───────────────────────────────────────────────────────────────────────┐
│ ✔  All emulators ready! View status and logs at http://localhost:4000 │
└───────────────────────────────────────────────────────────────────────┘

┌───────────┬────────────────┬─────────────────────────────────┐
│ Emulator  │ Host:Port      │ View in Emulator UI             │
├───────────┼────────────────┼─────────────────────────────────┤
│ Functions │ localhost:5001 │ http://localhost:4000/functions │
├───────────┼────────────────┼─────────────────────────────────┤
│ Firestore │ localhost:8080 │ http://localhost:4000/firestore │
├───────────┼────────────────┼─────────────────────────────────┤
│ Hosting   │ localhost:5000 │ n/a                             │
└───────────┴────────────────┴─────────────────────────────────┘
  Other reserved ports: 4400, 4500

Issues? Report them at https://github.com/firebase/firebase-tools/issues and attach the *-debug.log files.
 
[debug] [2020-08-29T15:08:06.164Z] [worker-~diagnostic~-b106e0b2-c0b8-46c2-9d74-36da7121196b]: IDLE {"metadata":{"emulator":{"name":"functions"},"message":"[worker-~diagnostic~-b106e0b2-c0b8-46c2-9d74-36da7121196b]: IDLE"}}
[debug] [2020-08-29T15:12:49.912Z] File /home/drag/TelemetrySample/functions/index.js changed, reloading triggers {"metadata":{"emulator":{"name":"functions"},"message":"File /home/drag/TelemetrySample/functions/index.js changed, reloading triggers"}}
[debug] [2020-08-29T15:12:50.913Z] [worker-pool] Shutting down IDLE worker (~diagnostic~) {"metadata":{"emulator":{"name":"functions"},"message":"[worker-pool] Shutting down IDLE worker (~diagnostic~)"}}
[debug] [2020-08-29T15:12:50.913Z] [worker-~diagnostic~-b106e0b2-c0b8-46c2-9d74-36da7121196b]: FINISHING {"metadata":{"emulator":{"name":"functions"},"message":"[worker-~diagnostic~-b106e0b2-c0b8-46c2-9d74-36da7121196b]: FINISHING"}}
[debug] [2020-08-29T15:12:50.920Z] [worker-pool] addWorker(~diagnostic~) {"metadata":{"emulator":{"name":"functions"},"message":"[worker-pool] addWorker(~diagnostic~)"}}
[debug] [2020-08-29T15:12:50.920Z] [worker-pool] Adding worker with key ~diagnostic~, total=2 {"metadata":{"emulator":{"name":"functions"},"message":"[worker-pool] Adding worker with key ~diagnostic~, total=2"}}
[debug] [2020-08-29T15:12:50.920Z] [worker-pool] submitWork(triggerId=) {"metadata":{"emulator":{"name":"functions"},"message":"[worker-pool] submitWork(triggerId=)"}}
[debug] [2020-08-29T15:12:50.920Z] [worker-~diagnostic~-d5f9cdfc-7d85-4997-96e3-db3c285d0c5f]: Assigning socketPath: /tmp/fire_emu_1003.sock {"metadata":{"emulator":{"name":"functions"},"message":"[worker-~diagnostic~-d5f9cdfc-7d85-4997-96e3-db3c285d0c5f]: Assigning socketPath: /tmp/fire_emu_1003.sock"}}
[debug] [2020-08-29T15:12:50.921Z] [worker-~diagnostic~-d5f9cdfc-7d85-4997-96e3-db3c285d0c5f]: BUSY {"metadata":{"emulator":{"name":"functions"},"message":"[worker-~diagnostic~-d5f9cdfc-7d85-4997-96e3-db3c285d0c5f]: BUSY"}}
[debug] [2020-08-29T15:12:50.922Z] [worker-~diagnostic~-b106e0b2-c0b8-46c2-9d74-36da7121196b]: exited {"metadata":{"emulator":{"name":"functions"},"message":"[worker-~diagnostic~-b106e0b2-c0b8-46c2-9d74-36da7121196b]: exited"}}
[debug] [2020-08-29T15:12:50.922Z] [worker-~diagnostic~-b106e0b2-c0b8-46c2-9d74-36da7121196b]: FINISHED {"metadata":{"emulator":{"name":"functions"},"message":"[worker-~diagnostic~-b106e0b2-c0b8-46c2-9d74-36da7121196b]: FINISHED"}}
[debug] [2020-08-29T15:12:51.654Z] [runtime-status] [1003] Functions runtime initialized. {"cwd":"/home/drag/TelemetrySample/functions","node_version":"10.19.0"} {"metadata":{"emulator":{"name":"functions"},"message":"[runtime-status] [1003] Functions runtime initialized. {\"cwd\":\"/home/drag/TelemetrySample/functions\",\"node_version\":\"10.19.0\"}"}}
[debug] [2020-08-29T15:12:51.656Z] [runtime-status] [1003] Disabled runtime features: undefined {"metadata":{"emulator":{"name":"functions"},"message":"[runtime-status] [1003] Disabled runtime features: undefined"}}
[debug] [2020-08-29T15:12:51.658Z] [runtime-status] [1003] Resolved module firebase-admin {"declared":true,"installed":true,"version":"8.13.0","resolution":"/home/drag/TelemetrySample/functions/node_modules/firebase-admin/lib/index.js"} {"metadata":{"emulator":{"name":"functions"},"message":"[runtime-status] [1003] Resolved module firebase-admin {\"declared\":true,\"installed\":true,\"version\":\"8.13.0\",\"resolution\":\"/home/drag/TelemetrySample/functions/node_modules/firebase-admin/lib/index.js\"}"}}
[debug] [2020-08-29T15:12:51.659Z] [runtime-status] [1003] Resolved module firebase-functions {"declared":true,"installed":true,"version":"3.11.0","resolution":"/home/drag/TelemetrySample/functions/node_modules/firebase-functions/lib/index.js"} {"metadata":{"emulator":{"name":"functions"},"message":"[runtime-status] [1003] Resolved module firebase-functions {\"declared\":true,\"installed\":true,\"version\":\"3.11.0\",\"resolution\":\"/home/drag/TelemetrySample/functions/node_modules/firebase-functions/lib/index.js\"}"}}
[debug] [2020-08-29T15:12:51.659Z] [runtime-status] [1003] Resolved module firebase-functions {"declared":true,"installed":true,"version":"3.11.0","resolution":"/home/drag/TelemetrySample/functions/node_modules/firebase-functions/lib/index.js"} {"metadata":{"emulator":{"name":"functions"},"message":"[runtime-status] [1003] Resolved module firebase-functions {\"declared\":true,\"installed\":true,\"version\":\"3.11.0\",\"resolution\":\"/home/drag/TelemetrySample/functions/node_modules/firebase-functions/lib/index.js\"}"}}
[debug] [2020-08-29T15:12:51.664Z] [runtime-status] [1003] Outgoing network have been stubbed. [{"name":"http","status":"mocked"},{"name":"http","status":"mocked"},{"name":"https","status":"mocked"},{"name":"https","status":"mocked"},{"name":"net","status":"mocked"}] {"metadata":{"emulator":{"name":"functions"},"message":"[runtime-status] [1003] Outgoing network have been stubbed. [{\"name\":\"http\",\"status\":\"mocked\"},{\"name\":\"http\",\"status\":\"mocked\"},{\"name\":\"https\",\"status\":\"mocked\"},{\"name\":\"https\",\"status\":\"mocked\"},{\"name\":\"net\",\"status\":\"mocked\"}]"}}
[debug] [2020-08-29T15:12:51.664Z] [runtime-status] [1003] Resolved module firebase-functions {"declared":true,"installed":true,"version":"3.11.0","resolution":"/home/drag/TelemetrySample/functions/node_modules/firebase-functions/lib/index.js"} {"metadata":{"emulator":{"name":"functions"},"message":"[runtime-status] [1003] Resolved module firebase-functions {\"declared\":true,\"installed\":true,\"version\":\"3.11.0\",\"resolution\":\"/home/drag/TelemetrySample/functions/node_modules/firebase-functions/lib/index.js\"}"}}
[debug] [2020-08-29T15:12:51.706Z] [runtime-status] [1003] Checked functions.config() {"config":{}} {"metadata":{"emulator":{"name":"functions"},"message":"[runtime-status] [1003] Checked functions.config() {\"config\":{}}"}}
[debug] [2020-08-29T15:12:51.706Z] [runtime-status] [1003] firebase-functions has been stubbed. {"functionsResolution":{"declared":true,"installed":true,"version":"3.11.0","resolution":"/home/drag/TelemetrySample/functions/node_modules/firebase-functions/lib/index.js"}} {"metadata":{"emulator":{"name":"functions"},"message":"[runtime-status] [1003] firebase-functions has been stubbed. {\"functionsResolution\":{\"declared\":true,\"installed\":true,\"version\":\"3.11.0\",\"resolution\":\"/home/drag/TelemetrySample/functions/node_modules/firebase-functions/lib/index.js\"}}"}}
[debug] [2020-08-29T15:12:51.706Z] [runtime-status] [1003] Resolved module firebase-functions {"declared":true,"installed":true,"version":"3.11.0","resolution":"/home/drag/TelemetrySample/functions/node_modules/firebase-functions/lib/index.js"} {"metadata":{"emulator":{"name":"functions"},"message":"[runtime-status] [1003] Resolved module firebase-functions {\"declared\":true,\"installed\":true,\"version\":\"3.11.0\",\"resolution\":\"/home/drag/TelemetrySample/functions/node_modules/firebase-functions/lib/index.js\"}"}}
[debug] [2020-08-29T15:12:51.707Z] [runtime-status] [1003] Resolved module firebase-admin {"declared":true,"installed":true,"version":"8.13.0","resolution":"/home/drag/TelemetrySample/functions/node_modules/firebase-admin/lib/index.js"} {"metadata":{"emulator":{"name":"functions"},"message":"[runtime-status] [1003] Resolved module firebase-admin {\"declared\":true,\"installed\":true,\"version\":\"8.13.0\",\"resolution\":\"/home/drag/TelemetrySample/functions/node_modules/firebase-admin/lib/index.js\"}"}}
[debug] [2020-08-29T15:12:51.707Z] [runtime-status] [1003] Resolved module firebase-functions {"declared":true,"installed":true,"version":"3.11.0","resolution":"/home/drag/TelemetrySample/functions/node_modules/firebase-functions/lib/index.js"} {"metadata":{"emulator":{"name":"functions"},"message":"[runtime-status] [1003] Resolved module firebase-functions {\"declared\":true,\"installed\":true,\"version\":\"3.11.0\",\"resolution\":\"/home/drag/TelemetrySample/functions/node_modules/firebase-functions/lib/index.js\"}"}}
[debug] [2020-08-29T15:12:51.708Z] [runtime-status] [1003] firebase-admin has been stubbed. {"adminResolution":{"declared":true,"installed":true,"version":"8.13.0","resolution":"/home/drag/TelemetrySample/functions/node_modules/firebase-admin/lib/index.js"}} {"metadata":{"emulator":{"name":"functions"},"message":"[runtime-status] [1003] firebase-admin has been stubbed. {\"adminResolution\":{\"declared\":true,\"installed\":true,\"version\":\"8.13.0\",\"resolution\":\"/home/drag/TelemetrySample/functions/node_modules/firebase-admin/lib/index.js\"}}"}}
[debug] [2020-08-29T15:12:51.709Z] [runtime-status] [1003] initializeApp(DEFAULT) {"databaseURL":"https://telemetry-tes.firebaseio.com","storageBucket":"telemetry-tes.appspot.com","projectId":"telemetry-tes"} {"metadata":{"emulator":{"name":"functions"},"message":"[runtime-status] [1003] initializeApp(DEFAULT) {\"databaseURL\":\"https://telemetry-tes.firebaseio.com\",\"storageBucket\":\"telemetry-tes.appspot.com\",\"projectId\":\"telemetry-tes\"}"}}
[debug] [2020-08-29T15:12:51.711Z] [worker-~diagnostic~-d5f9cdfc-7d85-4997-96e3-db3c285d0c5f]: IDLE {"metadata":{"emulator":{"name":"functions"},"message":"[worker-~diagnostic~-d5f9cdfc-7d85-4997-96e3-db3c285d0c5f]: IDLE"}}
[debug] [2020-08-29T15:13:28.499Z] File /home/drag/TelemetrySample/functions/index.js changed, reloading triggers {"metadata":{"emulator":{"name":"functions"},"message":"File /home/drag/TelemetrySample/functions/index.js changed, reloading triggers"}}
[debug] [2020-08-29T15:13:29.500Z] [worker-pool] Shutting down IDLE worker (~diagnostic~) {"metadata":{"emulator":{"name":"functions"},"message":"[worker-pool] Shutting down IDLE worker (~diagnostic~)"}}
[debug] [2020-08-29T15:13:29.500Z] [worker-~diagnostic~-d5f9cdfc-7d85-4997-96e3-db3c285d0c5f]: FINISHING {"metadata":{"emulator":{"name":"functions"},"message":"[worker-~diagnostic~-d5f9cdfc-7d85-4997-96e3-db3c285d0c5f]: FINISHING"}}
[debug] [2020-08-29T15:13:29.500Z] [worker-pool] Cleaned up workers for ~diagnostic~: 2 --> 1 {"metadata":{"emulator":{"name":"functions"},"message":"[worker-pool] Cleaned up workers for ~diagnostic~: 2 --> 1"}}
[debug] [2020-08-29T15:13:29.506Z] [worker-pool] addWorker(~diagnostic~) {"metadata":{"emulator":{"name":"functions"},"message":"[worker-pool] addWorker(~diagnostic~)"}}
[debug] [2020-08-29T15:13:29.506Z] [worker-pool] Adding worker with key ~diagnostic~, total=2 {"metadata":{"emulator":{"name":"functions"},"message":"[worker-pool] Adding worker with key ~diagnostic~, total=2"}}
[debug] [2020-08-29T15:13:29.506Z] [worker-pool] submitWork(triggerId=) {"metadata":{"emulator":{"name":"functions"},"message":"[worker-pool] submitWork(triggerId=)"}}
[debug] [2020-08-29T15:13:29.506Z] [worker-~diagnostic~-fba5361a-c15f-44d9-9b2f-db143462996e]: Assigning socketPath: /tmp/fire_emu_1018.sock {"metadata":{"emulator":{"name":"functions"},"message":"[worker-~diagnostic~-fba5361a-c15f-44d9-9b2f-db143462996e]: Assigning socketPath: /tmp/fire_emu_1018.sock"}}
[debug] [2020-08-29T15:13:29.506Z] [worker-~diagnostic~-fba5361a-c15f-44d9-9b2f-db143462996e]: BUSY {"metadata":{"emulator":{"name":"functions"},"message":"[worker-~diagnostic~-fba5361a-c15f-44d9-9b2f-db143462996e]: BUSY"}}
[debug] [2020-08-29T15:13:29.507Z] [worker-~diagnostic~-d5f9cdfc-7d85-4997-96e3-db3c285d0c5f]: exited {"metadata":{"emulator":{"name":"functions"},"message":"[worker-~diagnostic~-d5f9cdfc-7d85-4997-96e3-db3c285d0c5f]: exited"}}
[debug] [2020-08-29T15:13:29.507Z] [worker-~diagnostic~-d5f9cdfc-7d85-4997-96e3-db3c285d0c5f]: FINISHED {"metadata":{"emulator":{"name":"functions"},"message":"[worker-~diagnostic~-d5f9cdfc-7d85-4997-96e3-db3c285d0c5f]: FINISHED"}}
[debug] [2020-08-29T15:13:29.943Z] File /home/drag/TelemetrySample/functions/index.js changed, reloading triggers {"metadata":{"emulator":{"name":"functions"},"message":"File /home/drag/TelemetrySample/functions/index.js changed, reloading triggers"}}
[debug] [2020-08-29T15:13:30.254Z] [runtime-status] [1018] Functions runtime initialized. {"cwd":"/home/drag/TelemetrySample/functions","node_version":"10.19.0"} {"metadata":{"emulator":{"name":"functions"},"message":"[runtime-status] [1018] Functions runtime initialized. {\"cwd\":\"/home/drag/TelemetrySample/functions\",\"node_version\":\"10.19.0\"}"}}
[debug] [2020-08-29T15:13:30.256Z] [runtime-status] [1018] Disabled runtime features: undefined {"metadata":{"emulator":{"name":"functions"},"message":"[runtime-status] [1018] Disabled runtime features: undefined"}}
[debug] [2020-08-29T15:13:30.258Z] [runtime-status] [1018] Resolved module firebase-admin {"declared":true,"installed":true,"version":"8.13.0","resolution":"/home/drag/TelemetrySample/functions/node_modules/firebase-admin/lib/index.js"} {"metadata":{"emulator":{"name":"functions"},"message":"[runtime-status] [1018] Resolved module firebase-admin {\"declared\":true,\"installed\":true,\"version\":\"8.13.0\",\"resolution\":\"/home/drag/TelemetrySample/functions/node_modules/firebase-admin/lib/index.js\"}"}}
[debug] [2020-08-29T15:13:30.259Z] [runtime-status] [1018] Resolved module firebase-functions {"declared":true,"installed":true,"version":"3.11.0","resolution":"/home/drag/TelemetrySample/functions/node_modules/firebase-functions/lib/index.js"} {"metadata":{"emulator":{"name":"functions"},"message":"[runtime-status] [1018] Resolved module firebase-functions {\"declared\":true,\"installed\":true,\"version\":\"3.11.0\",\"resolution\":\"/home/drag/TelemetrySample/functions/node_modules/firebase-functions/lib/index.js\"}"}}
[debug] [2020-08-29T15:13:30.260Z] [runtime-status] [1018] Resolved module firebase-functions {"declared":true,"installed":true,"version":"3.11.0","resolution":"/home/drag/TelemetrySample/functions/node_modules/firebase-functions/lib/index.js"} {"metadata":{"emulator":{"name":"functions"},"message":"[runtime-status] [1018] Resolved module firebase-functions {\"declared\":true,\"installed\":true,\"version\":\"3.11.0\",\"resolution\":\"/home/drag/TelemetrySample/functions/node_modules/firebase-functions/lib/index.js\"}"}}
[debug] [2020-08-29T15:13:30.265Z] [runtime-status] [1018] Outgoing network have been stubbed. [{"name":"http","status":"mocked"},{"name":"http","status":"mocked"},{"name":"https","status":"mocked"},{"name":"https","status":"mocked"},{"name":"net","status":"mocked"}] {"metadata":{"emulator":{"name":"functions"},"message":"[runtime-status] [1018] Outgoing network have been stubbed. [{\"name\":\"http\",\"status\":\"mocked\"},{\"name\":\"http\",\"status\":\"mocked\"},{\"name\":\"https\",\"status\":\"mocked\"},{\"name\":\"https\",\"status\":\"mocked\"},{\"name\":\"net\",\"status\":\"mocked\"}]"}}
[debug] [2020-08-29T15:13:30.265Z] [runtime-status] [1018] Resolved module firebase-functions {"declared":true,"installed":true,"version":"3.11.0","resolution":"/home/drag/TelemetrySample/functions/node_modules/firebase-functions/lib/index.js"} {"metadata":{"emulator":{"name":"functions"},"message":"[runtime-status] [1018] Resolved module firebase-functions {\"declared\":true,\"installed\":true,\"version\":\"3.11.0\",\"resolution\":\"/home/drag/TelemetrySample/functions/node_modules/firebase-functions/lib/index.js\"}"}}
[debug] [2020-08-29T15:13:30.309Z] [runtime-status] [1018] Checked functions.config() {"config":{}} {"metadata":{"emulator":{"name":"functions"},"message":"[runtime-status] [1018] Checked functions.config() {\"config\":{}}"}}
[debug] [2020-08-29T15:13:30.310Z] [runtime-status] [1018] firebase-functions has been stubbed. {"functionsResolution":{"declared":true,"installed":true,"version":"3.11.0","resolution":"/home/drag/TelemetrySample/functions/node_modules/firebase-functions/lib/index.js"}} {"metadata":{"emulator":{"name":"functions"},"message":"[runtime-status] [1018] firebase-functions has been stubbed. {\"functionsResolution\":{\"declared\":true,\"installed\":true,\"version\":\"3.11.0\",\"resolution\":\"/home/drag/TelemetrySample/functions/node_modules/firebase-functions/lib/index.js\"}}"}}
[debug] [2020-08-29T15:13:30.310Z] [runtime-status] [1018] Resolved module firebase-functions {"declared":true,"installed":true,"version":"3.11.0","resolution":"/home/drag/TelemetrySample/functions/node_modules/firebase-functions/lib/index.js"} {"metadata":{"emulator":{"name":"functions"},"message":"[runtime-status] [1018] Resolved module firebase-functions {\"declared\":true,\"installed\":true,\"version\":\"3.11.0\",\"resolution\":\"/home/drag/TelemetrySample/functions/node_modules/firebase-functions/lib/index.js\"}"}}
[debug] [2020-08-29T15:13:30.311Z] [runtime-status] [1018] Resolved module firebase-admin {"declared":true,"installed":true,"version":"8.13.0","resolution":"/home/drag/TelemetrySample/functions/node_modules/firebase-admin/lib/index.js"} {"metadata":{"emulator":{"name":"functions"},"message":"[runtime-status] [1018] Resolved module firebase-admin {\"declared\":true,\"installed\":true,\"version\":\"8.13.0\",\"resolution\":\"/home/drag/TelemetrySample/functions/node_modules/firebase-admin/lib/index.js\"}"}}
[debug] [2020-08-29T15:13:30.311Z] [runtime-status] [1018] Resolved module firebase-functions {"declared":true,"installed":true,"version":"3.11.0","resolution":"/home/drag/TelemetrySample/functions/node_modules/firebase-functions/lib/index.js"} {"metadata":{"emulator":{"name":"functions"},"message":"[runtime-status] [1018] Resolved module firebase-functions {\"declared\":true,\"installed\":true,\"version\":\"3.11.0\",\"resolution\":\"/home/drag/TelemetrySample/functions/node_modules/firebase-functions/lib/index.js\"}"}}
[debug] [2020-08-29T15:13:30.312Z] [runtime-status] [1018] firebase-admin has been stubbed. {"adminResolution":{"declared":true,"installed":true,"version":"8.13.0","resolution":"/home/drag/TelemetrySample/functions/node_modules/firebase-admin/lib/index.js"}} {"metadata":{"emulator":{"name":"functions"},"message":"[runtime-status] [1018] firebase-admin has been stubbed. {\"adminResolution\":{\"declared\":true,\"installed\":true,\"version\":\"8.13.0\",\"resolution\":\"/home/drag/TelemetrySample/functions/node_modules/firebase-admin/lib/index.js\"}}"}}
[debug] [2020-08-29T15:13:30.314Z] [runtime-status] [1018] initializeApp(DEFAULT) {"databaseURL":"https://telemetry-tes.firebaseio.com","storageBucket":"telemetry-tes.appspot.com","projectId":"telemetry-tes"} {"metadata":{"emulator":{"name":"functions"},"message":"[runtime-status] [1018] initializeApp(DEFAULT) {\"databaseURL\":\"https://telemetry-tes.firebaseio.com\",\"storageBucket\":\"telemetry-tes.appspot.com\",\"projectId\":\"telemetry-tes\"}"}}
[debug] [2020-08-29T15:13:30.316Z] [worker-~diagnostic~-fba5361a-c15f-44d9-9b2f-db143462996e]: IDLE {"metadata":{"emulator":{"name":"functions"},"message":"[worker-~diagnostic~-fba5361a-c15f-44d9-9b2f-db143462996e]: IDLE"}}
[debug] [2020-08-29T15:13:30.943Z] [worker-pool] Shutting down IDLE worker (~diagnostic~) {"metadata":{"emulator":{"name":"functions"},"message":"[worker-pool] Shutting down IDLE worker (~diagnostic~)"}}
[debug] [2020-08-29T15:13:30.943Z] [worker-~diagnostic~-fba5361a-c15f-44d9-9b2f-db143462996e]: FINISHING {"metadata":{"emulator":{"name":"functions"},"message":"[worker-~diagnostic~-fba5361a-c15f-44d9-9b2f-db143462996e]: FINISHING"}}
[debug] [2020-08-29T15:13:30.943Z] [worker-pool] Cleaned up workers for ~diagnostic~: 2 --> 1 {"metadata":{"emulator":{"name":"functions"},"message":"[worker-pool] Cleaned up workers for ~diagnostic~: 2 --> 1"}}
[debug] [2020-08-29T15:13:30.950Z] [worker-pool] addWorker(~diagnostic~) {"metadata":{"emulator":{"name":"functions"},"message":"[worker-pool] addWorker(~diagnostic~)"}}
[debug] [2020-08-29T15:13:30.950Z] [worker-pool] Adding worker with key ~diagnostic~, total=2 {"metadata":{"emulator":{"name":"functions"},"message":"[worker-pool] Adding worker with key ~diagnostic~, total=2"}}
[debug] [2020-08-29T15:13:30.950Z] [worker-pool] submitWork(triggerId=) {"metadata":{"emulator":{"name":"functions"},"message":"[worker-pool] submitWork(triggerId=)"}}
[debug] [2020-08-29T15:13:30.950Z] [worker-~diagnostic~-42b2e8a1-1f99-4428-ad9a-4cb7723e668b]: Assigning socketPath: /tmp/fire_emu_1025.sock {"metadata":{"emulator":{"name":"functions"},"message":"[worker-~diagnostic~-42b2e8a1-1f99-4428-ad9a-4cb7723e668b]: Assigning socketPath: /tmp/fire_emu_1025.sock"}}
[debug] [2020-08-29T15:13:30.951Z] [worker-~diagnostic~-42b2e8a1-1f99-4428-ad9a-4cb7723e668b]: BUSY {"metadata":{"emulator":{"name":"functions"},"message":"[worker-~diagnostic~-42b2e8a1-1f99-4428-ad9a-4cb7723e668b]: BUSY"}}
[debug] [2020-08-29T15:13:30.951Z] [worker-~diagnostic~-fba5361a-c15f-44d9-9b2f-db143462996e]: exited {"metadata":{"emulator":{"name":"functions"},"message":"[worker-~diagnostic~-fba5361a-c15f-44d9-9b2f-db143462996e]: exited"}}
[debug] [2020-08-29T15:13:30.951Z] [worker-~diagnostic~-fba5361a-c15f-44d9-9b2f-db143462996e]: FINISHED {"metadata":{"emulator":{"name":"functions"},"message":"[worker-~diagnostic~-fba5361a-c15f-44d9-9b2f-db143462996e]: FINISHED"}}
[debug] [2020-08-29T15:13:31.687Z] [runtime-status] [1025] Functions runtime initialized. {"cwd":"/home/drag/TelemetrySample/functions","node_version":"10.19.0"} {"metadata":{"emulator":{"name":"functions"},"message":"[runtime-status] [1025] Functions runtime initialized. {\"cwd\":\"/home/drag/TelemetrySample/functions\",\"node_version\":\"10.19.0\"}"}}
[debug] [2020-08-29T15:13:31.689Z] [runtime-status] [1025] Disabled runtime features: undefined {"metadata":{"emulator":{"name":"functions"},"message":"[runtime-status] [1025] Disabled runtime features: undefined"}}
[debug] [2020-08-29T15:13:31.691Z] [runtime-status] [1025] Resolved module firebase-admin {"declared":true,"installed":true,"version":"8.13.0","resolution":"/home/drag/TelemetrySample/functions/node_modules/firebase-admin/lib/index.js"} {"metadata":{"emulator":{"name":"functions"},"message":"[runtime-status] [1025] Resolved module firebase-admin {\"declared\":true,\"installed\":true,\"version\":\"8.13.0\",\"resolution\":\"/home/drag/TelemetrySample/functions/node_modules/firebase-admin/lib/index.js\"}"}}
[debug] [2020-08-29T15:13:31.692Z] [runtime-status] [1025] Resolved module firebase-functions {"declared":true,"installed":true,"version":"3.11.0","resolution":"/home/drag/TelemetrySample/functions/node_modules/firebase-functions/lib/index.js"} {"metadata":{"emulator":{"name":"functions"},"message":"[runtime-status] [1025] Resolved module firebase-functions {\"declared\":true,\"installed\":true,\"version\":\"3.11.0\",\"resolution\":\"/home/drag/TelemetrySample/functions/node_modules/firebase-functions/lib/index.js\"}"}}
[debug] [2020-08-29T15:13:31.693Z] [runtime-status] [1025] Resolved module firebase-functions {"declared":true,"installed":true,"version":"3.11.0","resolution":"/home/drag/TelemetrySample/functions/node_modules/firebase-functions/lib/index.js"} {"metadata":{"emulator":{"name":"functions"},"message":"[runtime-status] [1025] Resolved module firebase-functions {\"declared\":true,\"installed\":true,\"version\":\"3.11.0\",\"resolution\":\"/home/drag/TelemetrySample/functions/node_modules/firebase-functions/lib/index.js\"}"}}
[debug] [2020-08-29T15:13:31.698Z] [runtime-status] [1025] Outgoing network have been stubbed. [{"name":"http","status":"mocked"},{"name":"http","status":"mocked"},{"name":"https","status":"mocked"},{"name":"https","status":"mocked"},{"name":"net","status":"mocked"}] {"metadata":{"emulator":{"name":"functions"},"message":"[runtime-status] [1025] Outgoing network have been stubbed. [{\"name\":\"http\",\"status\":\"mocked\"},{\"name\":\"http\",\"status\":\"mocked\"},{\"name\":\"https\",\"status\":\"mocked\"},{\"name\":\"https\",\"status\":\"mocked\"},{\"name\":\"net\",\"status\":\"mocked\"}]"}}
[debug] [2020-08-29T15:13:31.698Z] [runtime-status] [1025] Resolved module firebase-functions {"declared":true,"installed":true,"version":"3.11.0","resolution":"/home/drag/TelemetrySample/functions/node_modules/firebase-functions/lib/index.js"} {"metadata":{"emulator":{"name":"functions"},"message":"[runtime-status] [1025] Resolved module firebase-functions {\"declared\":true,\"installed\":true,\"version\":\"3.11.0\",\"resolution\":\"/home/drag/TelemetrySample/functions/node_modules/firebase-functions/lib/index.js\"}"}}
[debug] [2020-08-29T15:13:31.742Z] [runtime-status] [1025] Checked functions.config() {"config":{}} {"metadata":{"emulator":{"name":"functions"},"message":"[runtime-status] [1025] Checked functions.config() {\"config\":{}}"}}
[debug] [2020-08-29T15:13:31.742Z] [runtime-status] [1025] firebase-functions has been stubbed. {"functionsResolution":{"declared":true,"installed":true,"version":"3.11.0","resolution":"/home/drag/TelemetrySample/functions/node_modules/firebase-functions/lib/index.js"}} {"metadata":{"emulator":{"name":"functions"},"message":"[runtime-status] [1025] firebase-functions has been stubbed. {\"functionsResolution\":{\"declared\":true,\"installed\":true,\"version\":\"3.11.0\",\"resolution\":\"/home/drag/TelemetrySample/functions/node_modules/firebase-functions/lib/index.js\"}}"}}
[debug] [2020-08-29T15:13:31.742Z] [runtime-status] [1025] Resolved module firebase-functions {"declared":true,"installed":true,"version":"3.11.0","resolution":"/home/drag/TelemetrySample/functions/node_modules/firebase-functions/lib/index.js"} {"metadata":{"emulator":{"name":"functions"},"message":"[runtime-status] [1025] Resolved module firebase-functions {\"declared\":true,\"installed\":true,\"version\":\"3.11.0\",\"resolution\":\"/home/drag/TelemetrySample/functions/node_modules/firebase-functions/lib/index.js\"}"}}
[debug] [2020-08-29T15:13:31.743Z] [runtime-status] [1025] Resolved module firebase-admin {"declared":true,"installed":true,"version":"8.13.0","resolution":"/home/drag/TelemetrySample/functions/node_modules/firebase-admin/lib/index.js"} {"metadata":{"emulator":{"name":"functions"},"message":"[runtime-status] [1025] Resolved module firebase-admin {\"declared\":true,\"installed\":true,\"version\":\"8.13.0\",\"resolution\":\"/home/drag/TelemetrySample/functions/node_modules/firebase-admin/lib/index.js\"}"}}
[debug] [2020-08-29T15:13:31.743Z] [runtime-status] [1025] Resolved module firebase-functions {"declared":true,"installed":true,"version":"3.11.0","resolution":"/home/drag/TelemetrySample/functions/node_modules/firebase-functions/lib/index.js"} {"metadata":{"emulator":{"name":"functions"},"message":"[runtime-status] [1025] Resolved module firebase-functions {\"declared\":true,\"installed\":true,\"version\":\"3.11.0\",\"resolution\":\"/home/drag/TelemetrySample/functions/node_modules/firebase-functions/lib/index.js\"}"}}
[debug] [2020-08-29T15:13:31.744Z] [runtime-status] [1025] firebase-admin has been stubbed. {"adminResolution":{"declared":true,"installed":true,"version":"8.13.0","resolution":"/home/drag/TelemetrySample/functions/node_modules/firebase-admin/lib/index.js"}} {"metadata":{"emulator":{"name":"functions"},"message":"[runtime-status] [1025] firebase-admin has been stubbed. {\"adminResolution\":{\"declared\":true,\"installed\":true,\"version\":\"8.13.0\",\"resolution\":\"/home/drag/TelemetrySample/functions/node_modules/firebase-admin/lib/index.js\"}}"}}
[debug] [2020-08-29T15:13:31.746Z] [runtime-status] [1025] initializeApp(DEFAULT) {"databaseURL":"https://telemetry-tes.firebaseio.com","storageBucket":"telemetry-tes.appspot.com","projectId":"telemetry-tes"} {"metadata":{"emulator":{"name":"functions"},"message":"[runtime-status] [1025] initializeApp(DEFAULT) {\"databaseURL\":\"https://telemetry-tes.firebaseio.com\",\"storageBucket\":\"telemetry-tes.appspot.com\",\"projectId\":\"telemetry-tes\"}"}}
[debug] [2020-08-29T15:13:31.748Z] [worker-~diagnostic~-42b2e8a1-1f99-4428-ad9a-4cb7723e668b]: IDLE {"metadata":{"emulator":{"name":"functions"},"message":"[worker-~diagnostic~-42b2e8a1-1f99-4428-ad9a-4cb7723e668b]: IDLE"}}
